fbld TBYTE [0x0] /home/goubermouche/dev/projects/assembler/new_tools/scripts/temp0.asm:2: error: symbol `TBYTE' not defined
fbld TBYTE [0x0] /home/goubermouche/dev/projects/assembler/new_tools/scripts/temp0.asm:2: error: symbol `TBYTE' not defined
fbld tbyte [0xFF] /home/goubermouche/dev/projects/assembler/new_tools/scripts/temp0.asm:2: error: symbol `tbyte' not defined
fbld tbyte [0xFF] /home/goubermouche/dev/projects/assembler/new_tools/scripts/temp0.asm:2: error: symbol `tbyte' not defined
fbld tbyte [0xFFFF] /home/goubermouche/dev/projects/assembler/new_tools/scripts/temp0.asm:2: error: symbol `tbyte' not defined
fbld tbyte [0xFFFF] /home/goubermouche/dev/projects/assembler/new_tools/scripts/temp0.asm:2: error: symbol `tbyte' not defined
fbld tbyte [rel $ + 0x0] /home/goubermouche/dev/projects/assembler/new_tools/scripts/temp0.asm:2: error: symbol `tbyte' not defined
fbld tbyte [rel $ + 0x0] /home/goubermouche/dev/projects/assembler/new_tools/scripts/temp0.asm:2: error: symbol `tbyte' not defined
fbld tbyte [rel $ + 0xFF] /home/goubermouche/dev/projects/assembler/new_tools/scripts/temp0.asm:2: error: symbol `tbyte' not defined
fbld tbyte [rel $ + 0xFF] /home/goubermouche/dev/projects/assembler/new_tools/scripts/temp0.asm:2: error: symbol `tbyte' not defined
fbld tbyte [rel $ + 0xFFFF] /home/goubermouche/dev/projects/assembler/new_tools/scripts/temp0.asm:2: error: symbol `tbyte' not defined
fbld tbyte [rel $ + 0xFFFF] /home/goubermouche/dev/projects/assembler/new_tools/scripts/temp0.asm:2: error: symbol `tbyte' not defined
fbld tbyte [rax] /home/goubermouche/dev/projects/assembler/new_tools/scripts/temp0.asm:2: error: symbol `tbyte' not defined
fbld tbyte [rax] /home/goubermouche/dev/projects/assembler/new_tools/scripts/temp0.asm:2: error: symbol `tbyte' not defined
fbld tbyte [rax + 0x0] /home/goubermouche/dev/projects/assembler/new_tools/scripts/temp0.asm:2: error: symbol `tbyte' not defined
fbld tbyte [rax + 0x0] /home/goubermouche/dev/projects/assembler/new_tools/scripts/temp0.asm:2: error: symbol `tbyte' not defined
fbld tbyte [rax + 0xFFFF] /home/goubermouche/dev/projects/assembler/new_tools/scripts/temp0.asm:2: error: symbol `tbyte' not defined
fbld tbyte [rax + 0xFFFF] /home/goubermouche/dev/projects/assembler/new_tools/scripts/temp0.asm:2: error: symbol `tbyte' not defined
fbld tbyte [r15 + 0xFFFF] /home/goubermouche/dev/projects/assembler/new_tools/scripts/temp0.asm:2: error: symbol `tbyte' not defined
fbld tbyte [r15 + 0xFFFF] /home/goubermouche/dev/projects/assembler/new_tools/scripts/temp0.asm:2: error: symbol `tbyte' not defined
fbld tbyte [rax + rsi * 1  + 0x0] /home/goubermouche/dev/projects/assembler/new_tools/scripts/temp0.asm:2: error: symbol `tbyte' not defined
fbld tbyte [rax + rsi * 1  + 0x0] /home/goubermouche/dev/projects/assembler/new_tools/scripts/temp0.asm:2: error: symbol `tbyte' not defined
fbld tbyte [rax + rsi + 0xFFFF] /home/goubermouche/dev/projects/assembler/new_tools/scripts/temp0.asm:2: error: symbol `tbyte' not defined
fbld tbyte [rax + rsi + 0xFFFF] /home/goubermouche/dev/projects/assembler/new_tools/scripts/temp0.asm:2: error: symbol `tbyte' not defined
fbld tbyte [r15 + rsi + 0xFFFF] /home/goubermouche/dev/projects/assembler/new_tools/scripts/temp0.asm:2: error: symbol `tbyte' not defined
fbld tbyte [r15 + rsi + 0xFFFF] /home/goubermouche/dev/projects/assembler/new_tools/scripts/temp0.asm:2: error: symbol `tbyte' not defined
fbld tbyte [rax + r15 + 0xFFFF] /home/goubermouche/dev/projects/assembler/new_tools/scripts/temp0.asm:2: error: symbol `tbyte' not defined
fbld tbyte [rax + r15 + 0xFFFF] /home/goubermouche/dev/projects/assembler/new_tools/scripts/temp0.asm:2: error: symbol `tbyte' not defined
fbld tbyte [rax + rsi * 2 + 0xFFFF2] /home/goubermouche/dev/projects/assembler/new_tools/scripts/temp0.asm:2: error: symbol `tbyte' not defined
fbld tbyte [rax + rsi * 2 + 0xFFFF2] /home/goubermouche/dev/projects/assembler/new_tools/scripts/temp0.asm:2: error: symbol `tbyte' not defined
fbld tbyte [rax + rsi * 4 + 0xFFFF4] /home/goubermouche/dev/projects/assembler/new_tools/scripts/temp0.asm:2: error: symbol `tbyte' not defined
fbld tbyte [rax + rsi * 4 + 0xFFFF4] /home/goubermouche/dev/projects/assembler/new_tools/scripts/temp0.asm:2: error: symbol `tbyte' not defined
fbld tbyte [rax + rsi * 8 + 0xFFFF8] /home/goubermouche/dev/projects/assembler/new_tools/scripts/temp0.asm:2: error: symbol `tbyte' not defined
fbld tbyte [rax + rsi * 8 + 0xFFFF8] /home/goubermouche/dev/projects/assembler/new_tools/scripts/temp0.asm:2: error: symbol `tbyte' not defined
fbld tbyte [rsp + rax * 8 + 0xFFFF8] /home/goubermouche/dev/projects/assembler/new_tools/scripts/temp0.asm:2: error: symbol `tbyte' not defined
fbld tbyte [rsp + rax * 8 + 0xFFFF8] /home/goubermouche/dev/projects/assembler/new_tools/scripts/temp0.asm:2: error: symbol `tbyte' not defined
fbld tbyte [r15 + rax * 8 + 0xFFFF8] /home/goubermouche/dev/projects/assembler/new_tools/scripts/temp0.asm:2: error: symbol `tbyte' not defined
fbld tbyte [r15 + rax * 8 + 0xFFFF8] /home/goubermouche/dev/projects/assembler/new_tools/scripts/temp0.asm:2: error: symbol `tbyte' not defined
fbld tbyte [rsp + r15 * 8 + 0xFFFF8] /home/goubermouche/dev/projects/assembler/new_tools/scripts/temp0.asm:2: error: symbol `tbyte' not defined
fbld tbyte [rsp + r15 * 8 + 0xFFFF8] /home/goubermouche/dev/projects/assembler/new_tools/scripts/temp0.asm:2: error: symbol `tbyte' not defined
fbld tbyte [r14 + r15 * 8 + 0xFFFF8] /home/goubermouche/dev/projects/assembler/new_tools/scripts/temp0.asm:2: error: symbol `tbyte' not defined
fbld tbyte [r14 + r15 * 8 + 0xFFFF8] /home/goubermouche/dev/projects/assembler/new_tools/scripts/temp0.asm:2: error: symbol `tbyte' not defined
fbstp TBYTE [0x0] /home/goubermouche/dev/projects/assembler/new_tools/scripts/temp0.asm:2: error: symbol `TBYTE' not defined
fbstp TBYTE [0x0] /home/goubermouche/dev/projects/assembler/new_tools/scripts/temp0.asm:2: error: symbol `TBYTE' not defined
fbstp tbyte [0xFF] /home/goubermouche/dev/projects/assembler/new_tools/scripts/temp0.asm:2: error: symbol `tbyte' not defined
fbstp tbyte [0xFF] /home/goubermouche/dev/projects/assembler/new_tools/scripts/temp0.asm:2: error: symbol `tbyte' not defined
fbstp tbyte [0xFFFF] /home/goubermouche/dev/projects/assembler/new_tools/scripts/temp0.asm:2: error: symbol `tbyte' not defined
fbstp tbyte [0xFFFF] /home/goubermouche/dev/projects/assembler/new_tools/scripts/temp0.asm:2: error: symbol `tbyte' not defined
fbstp tbyte [rel $ + 0x0] /home/goubermouche/dev/projects/assembler/new_tools/scripts/temp0.asm:2: error: symbol `tbyte' not defined
fbstp tbyte [rel $ + 0x0] /home/goubermouche/dev/projects/assembler/new_tools/scripts/temp0.asm:2: error: symbol `tbyte' not defined
fbstp tbyte [rel $ + 0xFF] /home/goubermouche/dev/projects/assembler/new_tools/scripts/temp0.asm:2: error: symbol `tbyte' not defined
fbstp tbyte [rel $ + 0xFF] /home/goubermouche/dev/projects/assembler/new_tools/scripts/temp0.asm:2: error: symbol `tbyte' not defined
fbstp tbyte [rel $ + 0xFFFF] /home/goubermouche/dev/projects/assembler/new_tools/scripts/temp0.asm:2: error: symbol `tbyte' not defined
fbstp tbyte [rel $ + 0xFFFF] /home/goubermouche/dev/projects/assembler/new_tools/scripts/temp0.asm:2: error: symbol `tbyte' not defined
fbstp tbyte [rax] /home/goubermouche/dev/projects/assembler/new_tools/scripts/temp0.asm:2: error: symbol `tbyte' not defined
fbstp tbyte [rax] /home/goubermouche/dev/projects/assembler/new_tools/scripts/temp0.asm:2: error: symbol `tbyte' not defined
fbstp tbyte [rax + 0x0] /home/goubermouche/dev/projects/assembler/new_tools/scripts/temp0.asm:2: error: symbol `tbyte' not defined
fbstp tbyte [rax + 0x0] /home/goubermouche/dev/projects/assembler/new_tools/scripts/temp0.asm:2: error: symbol `tbyte' not defined
fbstp tbyte [rax + 0xFFFF] /home/goubermouche/dev/projects/assembler/new_tools/scripts/temp0.asm:2: error: symbol `tbyte' not defined
fbstp tbyte [rax + 0xFFFF] /home/goubermouche/dev/projects/assembler/new_tools/scripts/temp0.asm:2: error: symbol `tbyte' not defined
fbstp tbyte [r15 + 0xFFFF] /home/goubermouche/dev/projects/assembler/new_tools/scripts/temp0.asm:2: error: symbol `tbyte' not defined
fbstp tbyte [r15 + 0xFFFF] /home/goubermouche/dev/projects/assembler/new_tools/scripts/temp0.asm:2: error: symbol `tbyte' not defined
fbstp tbyte [rax + rsi * 1  + 0x0] /home/goubermouche/dev/projects/assembler/new_tools/scripts/temp0.asm:2: error: symbol `tbyte' not defined
fbstp tbyte [rax + rsi * 1  + 0x0] /home/goubermouche/dev/projects/assembler/new_tools/scripts/temp0.asm:2: error: symbol `tbyte' not defined
fbstp tbyte [rax + rsi + 0xFFFF] /home/goubermouche/dev/projects/assembler/new_tools/scripts/temp0.asm:2: error: symbol `tbyte' not defined
fbstp tbyte [rax + rsi + 0xFFFF] /home/goubermouche/dev/projects/assembler/new_tools/scripts/temp0.asm:2: error: symbol `tbyte' not defined
fbstp tbyte [r15 + rsi + 0xFFFF] /home/goubermouche/dev/projects/assembler/new_tools/scripts/temp0.asm:2: error: symbol `tbyte' not defined
fbstp tbyte [r15 + rsi + 0xFFFF] /home/goubermouche/dev/projects/assembler/new_tools/scripts/temp0.asm:2: error: symbol `tbyte' not defined
fbstp tbyte [rax + r15 + 0xFFFF] /home/goubermouche/dev/projects/assembler/new_tools/scripts/temp0.asm:2: error: symbol `tbyte' not defined
fbstp tbyte [rax + r15 + 0xFFFF] /home/goubermouche/dev/projects/assembler/new_tools/scripts/temp0.asm:2: error: symbol `tbyte' not defined
fbstp tbyte [rax + rsi * 2 + 0xFFFF2] /home/goubermouche/dev/projects/assembler/new_tools/scripts/temp0.asm:2: error: symbol `tbyte' not defined
fbstp tbyte [rax + rsi * 2 + 0xFFFF2] /home/goubermouche/dev/projects/assembler/new_tools/scripts/temp0.asm:2: error: symbol `tbyte' not defined
fbstp tbyte [rax + rsi * 4 + 0xFFFF4] /home/goubermouche/dev/projects/assembler/new_tools/scripts/temp0.asm:2: error: symbol `tbyte' not defined
fbstp tbyte [rax + rsi * 4 + 0xFFFF4] /home/goubermouche/dev/projects/assembler/new_tools/scripts/temp0.asm:2: error: symbol `tbyte' not defined
fbstp tbyte [rax + rsi * 8 + 0xFFFF8] /home/goubermouche/dev/projects/assembler/new_tools/scripts/temp0.asm:2: error: symbol `tbyte' not defined
fbstp tbyte [rax + rsi * 8 + 0xFFFF8] /home/goubermouche/dev/projects/assembler/new_tools/scripts/temp0.asm:2: error: symbol `tbyte' not defined
fbstp tbyte [rsp + rax * 8 + 0xFFFF8] /home/goubermouche/dev/projects/assembler/new_tools/scripts/temp0.asm:2: error: symbol `tbyte' not defined
fbstp tbyte [rsp + rax * 8 + 0xFFFF8] /home/goubermouche/dev/projects/assembler/new_tools/scripts/temp0.asm:2: error: symbol `tbyte' not defined
fbstp tbyte [r15 + rax * 8 + 0xFFFF8] /home/goubermouche/dev/projects/assembler/new_tools/scripts/temp0.asm:2: error: symbol `tbyte' not defined
fbstp tbyte [r15 + rax * 8 + 0xFFFF8] /home/goubermouche/dev/projects/assembler/new_tools/scripts/temp0.asm:2: error: symbol `tbyte' not defined
fbstp tbyte [rsp + r15 * 8 + 0xFFFF8] /home/goubermouche/dev/projects/assembler/new_tools/scripts/temp0.asm:2: error: symbol `tbyte' not defined
fbstp tbyte [rsp + r15 * 8 + 0xFFFF8] /home/goubermouche/dev/projects/assembler/new_tools/scripts/temp0.asm:2: error: symbol `tbyte' not defined
fbstp tbyte [r14 + r15 * 8 + 0xFFFF8] /home/goubermouche/dev/projects/assembler/new_tools/scripts/temp0.asm:2: error: symbol `tbyte' not defined
fbstp tbyte [r14 + r15 * 8 + 0xFFFF8] /home/goubermouche/dev/projects/assembler/new_tools/scripts/temp0.asm:2: error: symbol `tbyte' not defined
fld TBYTE [0x0] /home/goubermouche/dev/projects/assembler/new_tools/scripts/temp8.asm:2: error: symbol `TBYTE' not defined
fld TBYTE [0x0] /home/goubermouche/dev/projects/assembler/new_tools/scripts/temp8.asm:2: error: symbol `TBYTE' not defined
fld tbyte [0xFF] /home/goubermouche/dev/projects/assembler/new_tools/scripts/temp8.asm:2: error: symbol `tbyte' not defined
fld tbyte [0xFF] /home/goubermouche/dev/projects/assembler/new_tools/scripts/temp8.asm:2: error: symbol `tbyte' not defined
fld tbyte [0xFFFF] /home/goubermouche/dev/projects/assembler/new_tools/scripts/temp8.asm:2: error: symbol `tbyte' not defined
fld tbyte [0xFFFF] /home/goubermouche/dev/projects/assembler/new_tools/scripts/temp8.asm:2: error: symbol `tbyte' not defined
fld tbyte [rel $ + 0x0] /home/goubermouche/dev/projects/assembler/new_tools/scripts/temp8.asm:2: error: symbol `tbyte' not defined
fld tbyte [rel $ + 0x0] /home/goubermouche/dev/projects/assembler/new_tools/scripts/temp8.asm:2: error: symbol `tbyte' not defined
fld tbyte [rel $ + 0xFF] /home/goubermouche/dev/projects/assembler/new_tools/scripts/temp8.asm:2: error: symbol `tbyte' not defined
fld tbyte [rel $ + 0xFF] /home/goubermouche/dev/projects/assembler/new_tools/scripts/temp8.asm:2: error: symbol `tbyte' not defined
fld tbyte [rel $ + 0xFFFF] /home/goubermouche/dev/projects/assembler/new_tools/scripts/temp8.asm:2: error: symbol `tbyte' not defined
fld tbyte [rel $ + 0xFFFF] /home/goubermouche/dev/projects/assembler/new_tools/scripts/temp8.asm:2: error: symbol `tbyte' not defined
fld tbyte [rax] /home/goubermouche/dev/projects/assembler/new_tools/scripts/temp8.asm:2: error: symbol `tbyte' not defined
fld tbyte [rax] /home/goubermouche/dev/projects/assembler/new_tools/scripts/temp8.asm:2: error: symbol `tbyte' not defined
fld tbyte [rax + 0x0] /home/goubermouche/dev/projects/assembler/new_tools/scripts/temp8.asm:2: error: symbol `tbyte' not defined
fld tbyte [rax + 0x0] /home/goubermouche/dev/projects/assembler/new_tools/scripts/temp8.asm:2: error: symbol `tbyte' not defined
fld tbyte [rax + 0xFFFF] /home/goubermouche/dev/projects/assembler/new_tools/scripts/temp8.asm:2: error: symbol `tbyte' not defined
fld tbyte [rax + 0xFFFF] /home/goubermouche/dev/projects/assembler/new_tools/scripts/temp8.asm:2: error: symbol `tbyte' not defined
fld tbyte [r15 + 0xFFFF] /home/goubermouche/dev/projects/assembler/new_tools/scripts/temp8.asm:2: error: symbol `tbyte' not defined
fld tbyte [r15 + 0xFFFF] /home/goubermouche/dev/projects/assembler/new_tools/scripts/temp8.asm:2: error: symbol `tbyte' not defined
fld tbyte [rax + rsi * 1  + 0x0] /home/goubermouche/dev/projects/assembler/new_tools/scripts/temp8.asm:2: error: symbol `tbyte' not defined
fld tbyte [rax + rsi * 1  + 0x0] /home/goubermouche/dev/projects/assembler/new_tools/scripts/temp8.asm:2: error: symbol `tbyte' not defined
fld tbyte [rax + rsi + 0xFFFF] /home/goubermouche/dev/projects/assembler/new_tools/scripts/temp8.asm:2: error: symbol `tbyte' not defined
fld tbyte [rax + rsi + 0xFFFF] /home/goubermouche/dev/projects/assembler/new_tools/scripts/temp8.asm:2: error: symbol `tbyte' not defined
fld tbyte [r15 + rsi + 0xFFFF] /home/goubermouche/dev/projects/assembler/new_tools/scripts/temp8.asm:2: error: symbol `tbyte' not defined
fld tbyte [r15 + rsi + 0xFFFF] /home/goubermouche/dev/projects/assembler/new_tools/scripts/temp8.asm:2: error: symbol `tbyte' not defined
fld tbyte [rax + r15 + 0xFFFF] /home/goubermouche/dev/projects/assembler/new_tools/scripts/temp8.asm:2: error: symbol `tbyte' not defined
fld tbyte [rax + r15 + 0xFFFF] /home/goubermouche/dev/projects/assembler/new_tools/scripts/temp8.asm:2: error: symbol `tbyte' not defined
fld tbyte [rax + rsi * 2 + 0xFFFF2] /home/goubermouche/dev/projects/assembler/new_tools/scripts/temp8.asm:2: error: symbol `tbyte' not defined
fld tbyte [rax + rsi * 2 + 0xFFFF2] /home/goubermouche/dev/projects/assembler/new_tools/scripts/temp8.asm:2: error: symbol `tbyte' not defined
fld tbyte [rax + rsi * 4 + 0xFFFF4] /home/goubermouche/dev/projects/assembler/new_tools/scripts/temp8.asm:2: error: symbol `tbyte' not defined
fld tbyte [rax + rsi * 4 + 0xFFFF4] /home/goubermouche/dev/projects/assembler/new_tools/scripts/temp8.asm:2: error: symbol `tbyte' not defined
fld tbyte [rax + rsi * 8 + 0xFFFF8] /home/goubermouche/dev/projects/assembler/new_tools/scripts/temp8.asm:2: error: symbol `tbyte' not defined
fld tbyte [rax + rsi * 8 + 0xFFFF8] /home/goubermouche/dev/projects/assembler/new_tools/scripts/temp8.asm:2: error: symbol `tbyte' not defined
fld tbyte [rsp + rax * 8 + 0xFFFF8] /home/goubermouche/dev/projects/assembler/new_tools/scripts/temp8.asm:2: error: symbol `tbyte' not defined
fld tbyte [rsp + rax * 8 + 0xFFFF8] /home/goubermouche/dev/projects/assembler/new_tools/scripts/temp8.asm:2: error: symbol `tbyte' not defined
fld tbyte [r15 + rax * 8 + 0xFFFF8] /home/goubermouche/dev/projects/assembler/new_tools/scripts/temp8.asm:2: error: symbol `tbyte' not defined
fld tbyte [r15 + rax * 8 + 0xFFFF8] /home/goubermouche/dev/projects/assembler/new_tools/scripts/temp8.asm:2: error: symbol `tbyte' not defined
fld tbyte [rsp + r15 * 8 + 0xFFFF8] /home/goubermouche/dev/projects/assembler/new_tools/scripts/temp8.asm:2: error: symbol `tbyte' not defined
fld tbyte [rsp + r15 * 8 + 0xFFFF8] /home/goubermouche/dev/projects/assembler/new_tools/scripts/temp8.asm:2: error: symbol `tbyte' not defined
fld tbyte [r14 + r15 * 8 + 0xFFFF8] /home/goubermouche/dev/projects/assembler/new_tools/scripts/temp8.asm:2: error: symbol `tbyte' not defined
fld tbyte [r14 + r15 * 8 + 0xFFFF8] /home/goubermouche/dev/projects/assembler/new_tools/scripts/temp8.asm:2: error: symbol `tbyte' not defined
fstp TBYTE [0x0] /home/goubermouche/dev/projects/assembler/new_tools/scripts/temp11.asm:2: error: symbol `TBYTE' not defined
fstp TBYTE [0x0] /home/goubermouche/dev/projects/assembler/new_tools/scripts/temp11.asm:2: error: symbol `TBYTE' not defined
fstp tbyte [0xFF] /home/goubermouche/dev/projects/assembler/new_tools/scripts/temp11.asm:2: error: symbol `tbyte' not defined
fstp tbyte [0xFF] /home/goubermouche/dev/projects/assembler/new_tools/scripts/temp11.asm:2: error: symbol `tbyte' not defined
fstp tbyte [0xFFFF] /home/goubermouche/dev/projects/assembler/new_tools/scripts/temp11.asm:2: error: symbol `tbyte' not defined
fstp tbyte [0xFFFF] /home/goubermouche/dev/projects/assembler/new_tools/scripts/temp11.asm:2: error: symbol `tbyte' not defined
fstp tbyte [rel $ + 0x0] /home/goubermouche/dev/projects/assembler/new_tools/scripts/temp11.asm:2: error: symbol `tbyte' not defined
fstp tbyte [rel $ + 0x0] /home/goubermouche/dev/projects/assembler/new_tools/scripts/temp11.asm:2: error: symbol `tbyte' not defined
fstp tbyte [rel $ + 0xFF] /home/goubermouche/dev/projects/assembler/new_tools/scripts/temp11.asm:2: error: symbol `tbyte' not defined
fstp tbyte [rel $ + 0xFF] /home/goubermouche/dev/projects/assembler/new_tools/scripts/temp11.asm:2: error: symbol `tbyte' not defined
fstp tbyte [rel $ + 0xFFFF] /home/goubermouche/dev/projects/assembler/new_tools/scripts/temp11.asm:2: error: symbol `tbyte' not defined
fstp tbyte [rel $ + 0xFFFF] /home/goubermouche/dev/projects/assembler/new_tools/scripts/temp11.asm:2: error: symbol `tbyte' not defined
fstp tbyte [rax] /home/goubermouche/dev/projects/assembler/new_tools/scripts/temp11.asm:2: error: symbol `tbyte' not defined
fstp tbyte [rax] /home/goubermouche/dev/projects/assembler/new_tools/scripts/temp11.asm:2: error: symbol `tbyte' not defined
fstp tbyte [rax + 0x0] /home/goubermouche/dev/projects/assembler/new_tools/scripts/temp11.asm:2: error: symbol `tbyte' not defined
fstp tbyte [rax + 0x0] /home/goubermouche/dev/projects/assembler/new_tools/scripts/temp11.asm:2: error: symbol `tbyte' not defined
fstp tbyte [rax + 0xFFFF] /home/goubermouche/dev/projects/assembler/new_tools/scripts/temp11.asm:2: error: symbol `tbyte' not defined
fstp tbyte [rax + 0xFFFF] /home/goubermouche/dev/projects/assembler/new_tools/scripts/temp11.asm:2: error: symbol `tbyte' not defined
fstp tbyte [r15 + 0xFFFF] /home/goubermouche/dev/projects/assembler/new_tools/scripts/temp11.asm:2: error: symbol `tbyte' not defined
fstp tbyte [r15 + 0xFFFF] /home/goubermouche/dev/projects/assembler/new_tools/scripts/temp11.asm:2: error: symbol `tbyte' not defined
fstp tbyte [rax + rsi * 1  + 0x0] /home/goubermouche/dev/projects/assembler/new_tools/scripts/temp11.asm:2: error: symbol `tbyte' not defined
fstp tbyte [rax + rsi * 1  + 0x0] /home/goubermouche/dev/projects/assembler/new_tools/scripts/temp11.asm:2: error: symbol `tbyte' not defined
fstp tbyte [rax + rsi + 0xFFFF] /home/goubermouche/dev/projects/assembler/new_tools/scripts/temp11.asm:2: error: symbol `tbyte' not defined
fstp tbyte [rax + rsi + 0xFFFF] /home/goubermouche/dev/projects/assembler/new_tools/scripts/temp11.asm:2: error: symbol `tbyte' not defined
fstp tbyte [r15 + rsi + 0xFFFF] /home/goubermouche/dev/projects/assembler/new_tools/scripts/temp11.asm:2: error: symbol `tbyte' not defined
fstp tbyte [r15 + rsi + 0xFFFF] /home/goubermouche/dev/projects/assembler/new_tools/scripts/temp11.asm:2: error: symbol `tbyte' not defined
fstp tbyte [rax + r15 + 0xFFFF] /home/goubermouche/dev/projects/assembler/new_tools/scripts/temp11.asm:2: error: symbol `tbyte' not defined
fstp tbyte [rax + r15 + 0xFFFF] /home/goubermouche/dev/projects/assembler/new_tools/scripts/temp11.asm:2: error: symbol `tbyte' not defined
fstp tbyte [rax + rsi * 2 + 0xFFFF2] /home/goubermouche/dev/projects/assembler/new_tools/scripts/temp11.asm:2: error: symbol `tbyte' not defined
fstp tbyte [rax + rsi * 2 + 0xFFFF2] /home/goubermouche/dev/projects/assembler/new_tools/scripts/temp11.asm:2: error: symbol `tbyte' not defined
fstp tbyte [rax + rsi * 4 + 0xFFFF4] /home/goubermouche/dev/projects/assembler/new_tools/scripts/temp11.asm:2: error: symbol `tbyte' not defined
fstp tbyte [rax + rsi * 4 + 0xFFFF4] /home/goubermouche/dev/projects/assembler/new_tools/scripts/temp11.asm:2: error: symbol `tbyte' not defined
fstp tbyte [rax + rsi * 8 + 0xFFFF8] /home/goubermouche/dev/projects/assembler/new_tools/scripts/temp11.asm:2: error: symbol `tbyte' not defined
fstp tbyte [rax + rsi * 8 + 0xFFFF8] /home/goubermouche/dev/projects/assembler/new_tools/scripts/temp11.asm:2: error: symbol `tbyte' not defined
fstp tbyte [rsp + rax * 8 + 0xFFFF8] /home/goubermouche/dev/projects/assembler/new_tools/scripts/temp11.asm:2: error: symbol `tbyte' not defined
fstp tbyte [rsp + rax * 8 + 0xFFFF8] /home/goubermouche/dev/projects/assembler/new_tools/scripts/temp11.asm:2: error: symbol `tbyte' not defined
fstp tbyte [r15 + rax * 8 + 0xFFFF8] /home/goubermouche/dev/projects/assembler/new_tools/scripts/temp11.asm:2: error: symbol `tbyte' not defined
fstp tbyte [r15 + rax * 8 + 0xFFFF8] /home/goubermouche/dev/projects/assembler/new_tools/scripts/temp11.asm:2: error: symbol `tbyte' not defined
fstp tbyte [rsp + r15 * 8 + 0xFFFF8] /home/goubermouche/dev/projects/assembler/new_tools/scripts/temp11.asm:2: error: symbol `tbyte' not defined
fstp tbyte [rsp + r15 * 8 + 0xFFFF8] /home/goubermouche/dev/projects/assembler/new_tools/scripts/temp11.asm:2: error: symbol `tbyte' not defined
fstp tbyte [r14 + r15 * 8 + 0xFFFF8] /home/goubermouche/dev/projects/assembler/new_tools/scripts/temp11.asm:2: error: symbol `tbyte' not defined
fstp tbyte [r14 + r15 * 8 + 0xFFFF8] /home/goubermouche/dev/projects/assembler/new_tools/scripts/temp11.asm:2: error: symbol `tbyte' not defined
